<?xml version="1.0" encoding="UTF-8"?>
<!-- Generated by org.testng.reporters.JUnitXMLReporter -->
<testsuite hostname="DESKTOP-3EK6SA7" ignored="0" name="Default test" tests="1" failures="1" timestamp="2020-09-24T15:25:54 IST" time="1.187" errors="0">
  <testcase name="AmazonRegistertest" time="1.138" classname="com.mytest.Amazon_a">
    <failure type="org.testng.internal.reflect.MethodMatcherException" message="
[public void com.mytest.Amazon_a.AmazonRegistertest(java.lang.String,java.lang.CharSequence[],java.lang.String,java.lang.String)] has no parameters defined but was found to be using a data provider (either explicitly specified or inherited from class level annotation).
Data provider mismatch
Method: AmazonRegistertest([Parameter{index=0, type=java.lang.String, declaredAnnotations=[]}, Parameter{index=1, type=[Ljava.lang.CharSequence;, declaredAnnotations=[]}, Parameter{index=2, type=java.lang.String, declaredAnnotations=[]}, Parameter{index=3, type=java.lang.String, declaredAnnotations=[]}])
Arguments: [(java.lang.String) santosh,(java.lang.String) 9.833720638E9,(java.lang.String) santoshjadhav159@gmail.com,(java.lang.String) test@123]">
      <![CDATA[org.testng.internal.reflect.MethodMatcherException: 
[public void com.mytest.Amazon_a.AmazonRegistertest(java.lang.String,java.lang.CharSequence[],java.lang.String,java.lang.String)] has no parameters defined but was found to be using a data provider (either explicitly specified or inherited from class level annotation).
Data provider mismatch
Method: AmazonRegistertest([Parameter{index=0, type=java.lang.String, declaredAnnotations=[]}, Parameter{index=1, type=[Ljava.lang.CharSequence;, declaredAnnotations=[]}, Parameter{index=2, type=java.lang.String, declaredAnnotations=[]}, Parameter{index=3, type=java.lang.String, declaredAnnotations=[]}])
Arguments: [(java.lang.String) santosh,(java.lang.String) 9.833720638E9,(java.lang.String) santoshjadhav159@gmail.com,(java.lang.String) test@123]
at org.testng.internal.reflect.DataProviderMethodMatcher.getConformingArguments(DataProviderMethodMatcher.java:43)
at org.testng.internal.Parameters.injectParameters(Parameters.java:905)
at org.testng.internal.MethodRunner.runInSequence(MethodRunner.java:34)
at org.testng.internal.TestInvoker$MethodInvocationAgent.invoke(TestInvoker.java:822)
at org.testng.internal.TestInvoker.invokeTestMethods(TestInvoker.java:147)
at org.testng.internal.TestMethodWorker.invokeTestMethods(TestMethodWorker.java:146)
at org.testng.internal.TestMethodWorker.run(TestMethodWorker.java:128)
at java.util.ArrayList.forEach(Unknown Source)
at org.testng.TestRunner.privateRun(TestRunner.java:764)
at org.testng.TestRunner.run(TestRunner.java:585)
at org.testng.SuiteRunner.runTest(SuiteRunner.java:384)
at org.testng.SuiteRunner.runSequentially(SuiteRunner.java:378)
at org.testng.SuiteRunner.privateRun(SuiteRunner.java:337)
at org.testng.SuiteRunner.run(SuiteRunner.java:286)
at org.testng.SuiteRunnerWorker.runSuite(SuiteRunnerWorker.java:53)
at org.testng.SuiteRunnerWorker.run(SuiteRunnerWorker.java:96)
at org.testng.TestNG.runSuitesSequentially(TestNG.java:1218)
at org.testng.TestNG.runSuitesLocally(TestNG.java:1140)
at org.testng.TestNG.runSuites(TestNG.java:1069)
at org.testng.TestNG.run(TestNG.java:1037)
at org.testng.remote.AbstractRemoteTestNG.run(AbstractRemoteTestNG.java:115)
at org.testng.remote.RemoteTestNG.initAndRun(RemoteTestNG.java:251)
at org.testng.remote.RemoteTestNG.main(RemoteTestNG.java:77)
]]>
    </failure>
  </testcase> <!-- AmazonRegistertest -->
</testsuite> <!-- Default test -->
